<?xml version="1.0" encoding="UTF-8"?>
<!-- Generated by org.testng.reporters.JUnitXMLReporter -->
<testsuite ignored="0" hostname="VanitasPC" failures="1" tests="3" name="Negative Login Tests" time="7.037" errors="0" timestamp="2022-04-24T17:43:30 CEST">
  <testcase classname="JavaStartSeleniumRozdzial_9.tests.FailedLoginTests" name="asUserTryToLogInWithIncorrectLoginAndPassword" time="0.907">
    <skipped/>
  </testcase> <!-- asUserTryToLogInWithIncorrectLoginAndPassword -->
  <testcase classname="JavaStartSeleniumRozdzial_9.tests.FailedLoginTests" name="asUserTryToLogInWithIncorrectLoginAndPassword" time="0.505">
    <skipped/>
  </testcase> <!-- asUserTryToLogInWithIncorrectLoginAndPassword -->
  <testcase classname="JavaStartSeleniumRozdzial_9.tests.FailedLoginTests" name="asUserTryToLogInWithIncorrectLoginAndPassword" time="0.547">
    <failure type="java.lang.AssertionError" message="Element text was &amp;lt;Invalid username or password. Signon failed.&amp;gt; expecting to be &amp;lt;Invalid username or password. Signon failed.XXX&amp;gt;!">
      <![CDATA[java.lang.AssertionError: Element text was <Invalid username or password. Signon failed.> expecting to be <Invalid username or password. Signon failed.XXX>!
at JavaStartSeleniumRozdzial_9.page.objects.LoginPage.assertThatWarningIsDisplayed(LoginPage.java:63)
at JavaStartSeleniumRozdzial_9.tests.FailedLoginTests.asUserTryToLogInWithIncorrectLoginAndPassword(FailedLoginTests.java:27)
at java.base/java.util.ArrayList.forEach(ArrayList.java:1511)
at java.base/java.util.concurrent.FutureTask.run(FutureTask.java:264)
at java.base/java.util.concurrent.ThreadPoolExecutor.runWorker(ThreadPoolExecutor.java:1130)
at java.base/java.util.concurrent.ThreadPoolExecutor$Worker.run(ThreadPoolExecutor.java:630)
at java.base/java.lang.Thread.run(Thread.java:831)
... Removed 18 stack frames]]>
    </failure>
  </testcase> <!-- asUserTryToLogInWithIncorrectLoginAndPassword -->
</testsuite> <!-- Negative Login Tests -->
