<?xml version="1.0" encoding="UTF-8"?>
<!-- Generated by org.testng.reporters.JUnitXMLReporter -->
<testsuite ignored="0" hostname="VanitasPC" failures="0" tests="2" name="Positive Login Tests" time="5.416" errors="0" timestamp="2022-04-21T12:27:49 CEST">
  <testcase classname="JavaStartSeleniumRozdzial_9.tests.PositiveLoginTests" name="asUserLoginUsingValidLoginAndPassword" time="1.047"/>
  <testcase classname="JavaStartSeleniumRozdzial_9.tests.ShoppingCartTest" name="asNotLoggedInUserIShallNotProceedToCheckout" time="0.738"/>
</testsuite> <!-- Positive Login Tests -->
