<?xml version="1.0" encoding="UTF-8"?>
<!-- Generated by org.testng.reporters.JUnitXMLReporter -->
<testsuite ignored="0" hostname="VanitasPC" failures="0" tests="2" name="Positive Login Tests" time="3.092" errors="0" timestamp="2022-04-16T16:34:24 CEST">
  <testcase classname="JavaStartSeleniumRozdzial_9.tests.PositiveLoginTests" name="asUserLoginUsingValidLoginAndPassword" time="0.614"/>
  <testcase classname="JavaStartSeleniumRozdzial_9.tests.ShoppingCartTest" name="asNotLoggedInUserIShallNotProceedToCheckout" time="0.623"/>
</testsuite> <!-- Positive Login Tests -->
