<?xml version="1.0" encoding="UTF-8"?>
<!-- Generated by org.testng.reporters.JUnitXMLReporter -->
<testsuite ignored="0" hostname="VanitasPC" failures="0" tests="11" name="Surefire test" time="21.224" errors="0" timestamp="2022-04-10T14:02:51 CEST">
  <testcase classname="JavaStartSelenium.CalculatorTest" name="sumTwoNumbersAssertEquals" time="0.002"/>
  <testcase classname="JavaStartSelenium.CalculatorTest" name="sumTwoNumbersAssertFalse" time="0.0"/>
  <testcase classname="JavaStartSelenium.CalculatorTest" name="sumTwoNumbersAssertTrue" time="0.0"/>
  <testcase classname="JavaStartSelenium.FirstAutomatedTest" name="myFirstTest" time="1.713"/>
  <testcase classname="JavaStartSelenium.FirstAutomatedTest" name="myFirstTestEDITED" time="1.303"/>
  <testcase classname="JavaStartSelenium.FourthLocatorsExerciseTest" name="firstLocatorTest" time="0.199"/>
  <testcase classname="JavaStartSelenium.SecondAutomatedTest" name="mySecondTest" time="0.591"/>
  <testcase classname="JavaStartSelenium.ThirdXPathExerciseTest" name="firstXpathTest" time="0.188"/>
  <testcase classname="JavaStartSeleniumRozdzial_9.tests.FailedLoginTests" name="asUserTryToLogInWithIncorrectLoginAndPassword" time="0.928"/>
  <testcase classname="JavaStartSeleniumRozdzial_9.tests.PositiveLoginTests" name="asUserLoginUsingValidLoginAndPassword" time="0.726"/>
  <testcase classname="JavaStartSeleniumRozdzial_9.tests.ShoppingCartTest" name="asNotLoggedInUserIShallNotProceedToCheckout" time="0.674"/>
</testsuite> <!-- Surefire test -->
