<?xml version="1.0" encoding="UTF-8"?>
<testsuite xmlns:xsi="http://www.w3.org/2001/XMLSchema-instance" xsi:noNamespaceSchemaLocation="https://maven.apache.org/surefire/maven-surefire-plugin/xsd/surefire-test-report-3.0.xsd" version="3.0" name="TestSuite" time="5.311" tests="3" errors="0" skipped="0" failures="1">
  <properties>
[...]
</properties>
  <testcase name="asUserLoginUsingValidLoginAndPassword" classname="JavaStartSeleniumRozdzial_9.tests.PositiveLoginTests" time="0.838">
    <system-out><![CDATA[[INFO ] 2022-04-24 15:16:27.918 [TestNG-tests-3] JavaStartSeleniumRozdzial_9.configuration.PropertiesLoader - Trying to load properties with file name: configuration.properties
[INFO ] 2022-04-24 15:16:27.918 [TestNG-tests-1] JavaStartSeleniumRozdzial_9.configuration.PropertiesLoader - Trying to load properties with file name: configuration.properties
[INFO ] 2022-04-24 15:16:27.918 [TestNG-tests-2] JavaStartSeleniumRozdzial_9.configuration.PropertiesLoader - Trying to load properties with file name: configuration.properties
[INFO ] 2022-04-24 15:16:27.922 [TestNG-tests-3] JavaStartSeleniumRozdzial_9.configuration.PropertiesLoader - Successfully loaded properties for file: configuration.properties
[INFO ] 2022-04-24 15:16:27.922 [TestNG-tests-1] JavaStartSeleniumRozdzial_9.configuration.PropertiesLoader - Successfully loaded properties for file: configuration.properties
[INFO ] 2022-04-24 15:16:27.922 [TestNG-tests-2] JavaStartSeleniumRozdzial_9.configuration.PropertiesLoader - Successfully loaded properties for file: configuration.properties
[INFO ] 2022-04-24 15:16:30.522 [TestNG-tests-3] JavaStartSeleniumRozdzial_9.utils.testng.listeners.TestListener - Starting test: asNotLoggedInUserIShallNotProceedToCheckout
[INFO ] 2022-04-24 15:16:30.522 [TestNG-tests-2] JavaStartSeleniumRozdzial_9.utils.testng.listeners.TestListener - Starting test: asUserLoginUsingValidLoginAndPassword
[INFO ] 2022-04-24 15:16:30.522 [TestNG-tests-1] JavaStartSeleniumRozdzial_9.utils.testng.listeners.TestListener - Starting test: asUserTryToLogInWithIncorrectLoginAndPassword
[INFO ] 2022-04-24 15:16:30.552 [TestNG-tests-3] JavaStartSeleniumRozdzial_9.driver.listeners.DriverEventListener - Trying to find WebElement with locator By.cssSelector: #Content a
[INFO ] 2022-04-24 15:16:30.582 [TestNG-tests-3] JavaStartSeleniumRozdzial_9.driver.listeners.DriverEventListener - Found WebElement with locator By.cssSelector: #Content a
[INFO ] 2022-04-24 15:16:30.627 [TestNG-tests-3] JavaStartSeleniumRozdzial_9.driver.listeners.DriverEventListener - Trying to find WebElement with locator By.cssSelector: #Content a
[INFO ] 2022-04-24 15:16:30.663 [TestNG-tests-3] JavaStartSeleniumRozdzial_9.driver.listeners.DriverEventListener - Found WebElement with locator By.cssSelector: #Content a
[INFO ] 2022-04-24 15:16:30.679 [TestNG-tests-1] JavaStartSeleniumRozdzial_9.driver.listeners.DriverEventListener - Trying to find WebElement with locator By.name: username
[INFO ] 2022-04-24 15:16:30.679 [TestNG-tests-2] JavaStartSeleniumRozdzial_9.driver.listeners.DriverEventListener - Trying to find WebElement with locator By.name: username
[INFO ] 2022-04-24 15:16:30.691 [TestNG-tests-3] JavaStartSeleniumRozdzial_9.driver.listeners.DriverEventListener - Trying to find WebElement with locator By.cssSelector: #Content a
[INFO ] 2022-04-24 15:16:30.717 [TestNG-tests-1] JavaStartSeleniumRozdzial_9.driver.listeners.DriverEventListener - Found WebElement with locator By.name: username
[INFO ] 2022-04-24 15:16:30.717 [TestNG-tests-3] JavaStartSeleniumRozdzial_9.driver.listeners.DriverEventListener - Found WebElement with locator By.cssSelector: #Content a
[INFO ] 2022-04-24 15:16:30.718 [TestNG-tests-3] JavaStartSeleniumRozdzial_9.driver.listeners.DriverEventListener - Trying to click WebElement
[INFO ] 2022-04-24 15:16:30.718 [TestNG-tests-2] JavaStartSeleniumRozdzial_9.driver.listeners.DriverEventListener - Found WebElement with locator By.name: username
[INFO ] 2022-04-24 15:16:30.768 [TestNG-tests-1] JavaStartSeleniumRozdzial_9.driver.listeners.DriverEventListener - Trying to find WebElement with locator By.name: username
[INFO ] 2022-04-24 15:16:30.768 [TestNG-tests-2] JavaStartSeleniumRozdzial_9.driver.listeners.DriverEventListener - Trying to find WebElement with locator By.name: username
[INFO ] 2022-04-24 15:16:30.795 [TestNG-tests-1] JavaStartSeleniumRozdzial_9.driver.listeners.DriverEventListener - Found WebElement with locator By.name: username
[INFO ] 2022-04-24 15:16:30.795 [TestNG-tests-2] JavaStartSeleniumRozdzial_9.driver.listeners.DriverEventListener - Found WebElement with locator By.name: username
[INFO ] 2022-04-24 15:16:30.795 [TestNG-tests-2] JavaStartSeleniumRozdzial_9.driver.listeners.DriverEventListener - Trying to type text [j2ee]
[INFO ] 2022-04-24 15:16:30.795 [TestNG-tests-1] JavaStartSeleniumRozdzial_9.driver.listeners.DriverEventListener - Trying to type text [NotExistingLogin]
[INFO ] 2022-04-24 15:16:30.839 [TestNG-tests-2] JavaStartSeleniumRozdzial_9.driver.listeners.DriverEventListener - Typed text [j2ee]
[INFO ] 2022-04-24 15:16:30.841 [TestNG-tests-2] JavaStartSeleniumRozdzial_9.page.objects.LoginPage - Typed into User Name Field j2ee
[INFO ] 2022-04-24 15:16:30.841 [TestNG-tests-1] JavaStartSeleniumRozdzial_9.driver.listeners.DriverEventListener - Typed text [NotExistingLogin]
[INFO ] 2022-04-24 15:16:30.841 [TestNG-tests-2] JavaStartSeleniumRozdzial_9.driver.listeners.DriverEventListener - Trying to find WebElement with locator By.name: password
[INFO ] 2022-04-24 15:16:30.841 [TestNG-tests-1] JavaStartSeleniumRozdzial_9.page.objects.LoginPage - Typed into User Name Field NotExistingLogin
[INFO ] 2022-04-24 15:16:30.842 [TestNG-tests-1] JavaStartSeleniumRozdzial_9.driver.listeners.DriverEventListener - Trying to find WebElement with locator By.name: password
[INFO ] 2022-04-24 15:16:30.875 [TestNG-tests-1] JavaStartSeleniumRozdzial_9.driver.listeners.DriverEventListener - Found WebElement with locator By.name: password
[INFO ] 2022-04-24 15:16:30.875 [TestNG-tests-2] JavaStartSeleniumRozdzial_9.driver.listeners.DriverEventListener - Found WebElement with locator By.name: password
[INFO ] 2022-04-24 15:16:30.875 [TestNG-tests-1] JavaStartSeleniumRozdzial_9.driver.listeners.DriverEventListener - Trying to clear WebElement
[INFO ] 2022-04-24 15:16:30.875 [TestNG-tests-2] JavaStartSeleniumRozdzial_9.driver.listeners.DriverEventListener - Trying to clear WebElement
[INFO ] 2022-04-24 15:16:30.909 [TestNG-tests-3] JavaStartSeleniumRozdzial_9.driver.listeners.DriverEventListener - Clicked WebElement
[INFO ] 2022-04-24 15:16:30.909 [TestNG-tests-3] JavaStartSeleniumRozdzial_9.page.objects.LandingPage - Clicked on Enter Store link
[INFO ] 2022-04-24 15:16:30.913 [TestNG-tests-3] JavaStartSeleniumRozdzial_9.driver.listeners.DriverEventListener - Trying to find WebElement with locator By.cssSelector: a[href$="Id=FISH"]
[INFO ] 2022-04-24 15:16:30.919 [TestNG-tests-2] JavaStartSeleniumRozdzial_9.driver.listeners.DriverEventListener - Cleared WebElement [[RemoteWebDriver: chrome on WINDOWS (f5b3135dbcdebe2044fd840a5dc476dc)] -> name: password]
[INFO ] 2022-04-24 15:16:30.919 [TestNG-tests-1] JavaStartSeleniumRozdzial_9.driver.listeners.DriverEventListener - Cleared WebElement [[RemoteWebDriver: chrome on WINDOWS (f249460447bd9817f100214099de76c3)] -> name: password]
[INFO ] 2022-04-24 15:16:30.920 [TestNG-tests-2] JavaStartSeleniumRozdzial_9.driver.listeners.DriverEventListener - Trying to find WebElement with locator By.name: password
[INFO ] 2022-04-24 15:16:30.920 [TestNG-tests-1] JavaStartSeleniumRozdzial_9.driver.listeners.DriverEventListener - Trying to find WebElement with locator By.name: password
[INFO ] 2022-04-24 15:16:30.942 [TestNG-tests-1] JavaStartSeleniumRozdzial_9.driver.listeners.DriverEventListener - Found WebElement with locator By.name: password
[INFO ] 2022-04-24 15:16:30.942 [TestNG-tests-2] JavaStartSeleniumRozdzial_9.driver.listeners.DriverEventListener - Found WebElement with locator By.name: password
[INFO ] 2022-04-24 15:16:30.942 [TestNG-tests-1] JavaStartSeleniumRozdzial_9.driver.listeners.DriverEventListener - Trying to type text [NotProperPassword]
[INFO ] 2022-04-24 15:16:30.942 [TestNG-tests-2] JavaStartSeleniumRozdzial_9.driver.listeners.DriverEventListener - Trying to type text [j2ee]
[INFO ] 2022-04-24 15:16:30.942 [TestNG-tests-3] JavaStartSeleniumRozdzial_9.driver.listeners.DriverEventListener - Found WebElement with locator By.cssSelector: a[href$="Id=FISH"]
[INFO ] 2022-04-24 15:16:30.964 [TestNG-tests-3] JavaStartSeleniumRozdzial_9.driver.listeners.DriverEventListener - Trying to find WebElement with locator By.cssSelector: a[href$="Id=FISH"]
[INFO ] 2022-04-24 15:16:30.987 [TestNG-tests-2] JavaStartSeleniumRozdzial_9.driver.listeners.DriverEventListener - Typed text [j2ee]
[INFO ] 2022-04-24 15:16:30.987 [TestNG-tests-2] JavaStartSeleniumRozdzial_9.page.objects.LoginPage - Typed into Password Field j2ee
[INFO ] 2022-04-24 15:16:30.988 [TestNG-tests-2] JavaStartSeleniumRozdzial_9.driver.listeners.DriverEventListener - Trying to find WebElement with locator By.name: signon
[INFO ] 2022-04-24 15:16:30.992 [TestNG-tests-3] JavaStartSeleniumRozdzial_9.driver.listeners.DriverEventListener - Found WebElement with locator By.cssSelector: a[href$="Id=FISH"]
[INFO ] 2022-04-24 15:16:30.993 [TestNG-tests-1] JavaStartSeleniumRozdzial_9.driver.listeners.DriverEventListener - Typed text [NotProperPassword]
[INFO ] 2022-04-24 15:16:30.994 [TestNG-tests-1] JavaStartSeleniumRozdzial_9.page.objects.LoginPage - Typed into Password Field NotProperPassword
[INFO ] 2022-04-24 15:16:30.994 [TestNG-tests-1] JavaStartSeleniumRozdzial_9.driver.listeners.DriverEventListener - Trying to find WebElement with locator By.name: signon
[INFO ] 2022-04-24 15:16:31.009 [TestNG-tests-3] JavaStartSeleniumRozdzial_9.driver.listeners.DriverEventListener - Trying to find WebElement with locator By.cssSelector: a[href$="Id=FISH"]
[INFO ] 2022-04-24 15:16:31.019 [TestNG-tests-2] JavaStartSeleniumRozdzial_9.driver.listeners.DriverEventListener - Found WebElement with locator By.name: signon
[INFO ] 2022-04-24 15:16:31.019 [TestNG-tests-2] JavaStartSeleniumRozdzial_9.driver.listeners.DriverEventListener - Trying to click WebElement
[INFO ] 2022-04-24 15:16:31.021 [TestNG-tests-1] JavaStartSeleniumRozdzial_9.driver.listeners.DriverEventListener - Found WebElement with locator By.name: signon
[INFO ] 2022-04-24 15:16:31.021 [TestNG-tests-1] JavaStartSeleniumRozdzial_9.driver.listeners.DriverEventListener - Trying to click WebElement
[INFO ] 2022-04-24 15:16:31.032 [TestNG-tests-3] JavaStartSeleniumRozdzial_9.driver.listeners.DriverEventListener - Found WebElement with locator By.cssSelector: a[href$="Id=FISH"]
[INFO ] 2022-04-24 15:16:31.032 [TestNG-tests-3] JavaStartSeleniumRozdzial_9.driver.listeners.DriverEventListener - Trying to click WebElement
[INFO ] 2022-04-24 15:16:31.112 [TestNG-tests-3] JavaStartSeleniumRozdzial_9.driver.listeners.DriverEventListener - Clicked WebElement
[INFO ] 2022-04-24 15:16:31.112 [TestNG-tests-3] JavaStartSeleniumRozdzial_9.page.objects.AnimalsCategoryPage - Clicked on Fish button
[INFO ] 2022-04-24 15:16:31.116 [TestNG-tests-3] JavaStartSeleniumRozdzial_9.driver.listeners.DriverEventListener - Trying to find WebElement with locator By.cssSelector: a[href$="=FI-SW-01"]
[INFO ] 2022-04-24 15:16:31.138 [TestNG-tests-1] JavaStartSeleniumRozdzial_9.driver.listeners.DriverEventListener - Clicked WebElement
[INFO ] 2022-04-24 15:16:31.138 [TestNG-tests-1] JavaStartSeleniumRozdzial_9.page.objects.LoginPage - Clicked on Login Button
[INFO ] 2022-04-24 15:16:31.139 [TestNG-tests-1] JavaStartSeleniumRozdzial_9.page.objects.LoginPage - Checking if warning message Invalid username or password. Signon failed.XXX is displayed
[INFO ] 2022-04-24 15:16:31.139 [TestNG-tests-1] JavaStartSeleniumRozdzial_9.driver.listeners.DriverEventListener - Trying to find WebElement with locator By.cssSelector: #Content ul[class='messages'] li
[INFO ] 2022-04-24 15:16:31.149 [TestNG-tests-3] JavaStartSeleniumRozdzial_9.driver.listeners.DriverEventListener - Found WebElement with locator By.cssSelector: a[href$="=FI-SW-01"]
[INFO ] 2022-04-24 15:16:31.179 [TestNG-tests-1] JavaStartSeleniumRozdzial_9.driver.listeners.DriverEventListener - Found WebElement with locator By.cssSelector: #Content ul[class='messages'] li
[INFO ] 2022-04-24 15:16:31.182 [TestNG-tests-3] JavaStartSeleniumRozdzial_9.driver.listeners.DriverEventListener - Trying to find WebElement with locator By.cssSelector: a[href$="=FI-SW-01"]
[INFO ] 2022-04-24 15:16:31.211 [TestNG-tests-3] JavaStartSeleniumRozdzial_9.driver.listeners.DriverEventListener - Found WebElement with locator By.cssSelector: a[href$="=FI-SW-01"]
[INFO ] 2022-04-24 15:16:31.211 [TestNG-tests-3] JavaStartSeleniumRozdzial_9.driver.listeners.DriverEventListener - Trying to click WebElement
[INFO ] 2022-04-24 15:16:31.219 [TestNG-tests-2] JavaStartSeleniumRozdzial_9.driver.listeners.DriverEventListener - Clicked WebElement
[INFO ] 2022-04-24 15:16:31.220 [TestNG-tests-2] JavaStartSeleniumRozdzial_9.page.objects.LoginPage - Clicked on Login Button
[INFO ] 2022-04-24 15:16:31.220 [TestNG-tests-2] JavaStartSeleniumRozdzial_9.page.objects.FooterPage - Checking if dog banner is displayed
[INFO ] 2022-04-24 15:16:31.221 [TestNG-tests-2] JavaStartSeleniumRozdzial_9.driver.listeners.DriverEventListener - Trying to find WebElement with locator By.cssSelector: #Banner img[src*='dog']
[INFO ] 2022-04-24 15:16:31.253 [TestNG-tests-2] JavaStartSeleniumRozdzial_9.driver.listeners.DriverEventListener - Found WebElement with locator By.cssSelector: #Banner img[src*='dog']
[INFO ] 2022-04-24 15:16:31.277 [TestNG-tests-1] JavaStartSeleniumRozdzial_9.generic.assertions.AssertWebElement - Checking if element is displayed
[INFO ] 2022-04-24 15:16:31.277 [TestNG-tests-1] JavaStartSeleniumRozdzial_9.driver.listeners.DriverEventListener - Trying to find WebElement with locator By.cssSelector: #Content ul[class='messages'] li
[INFO ] 2022-04-24 15:16:31.281 [TestNG-tests-2] JavaStartSeleniumRozdzial_9.generic.assertions.AssertWebElement - Checking if element is displayed
[INFO ] 2022-04-24 15:16:31.282 [TestNG-tests-2] JavaStartSeleniumRozdzial_9.driver.listeners.DriverEventListener - Trying to find WebElement with locator By.cssSelector: #Banner img[src*='dog']
[INFO ] 2022-04-24 15:16:31.302 [TestNG-tests-1] JavaStartSeleniumRozdzial_9.driver.listeners.DriverEventListener - Found WebElement with locator By.cssSelector: #Content ul[class='messages'] li
[INFO ] 2022-04-24 15:16:31.305 [TestNG-tests-2] JavaStartSeleniumRozdzial_9.driver.listeners.DriverEventListener - Found WebElement with locator By.cssSelector: #Banner img[src*='dog']
[INFO ] 2022-04-24 15:16:31.315 [TestNG-tests-3] JavaStartSeleniumRozdzial_9.driver.listeners.DriverEventListener - Clicked WebElement
[INFO ] 2022-04-24 15:16:31.315 [TestNG-tests-3] JavaStartSeleniumRozdzial_9.page.objects.FishListPage - Clicked AngelfishID button
[INFO ] 2022-04-24 15:16:31.318 [TestNG-tests-3] JavaStartSeleniumRozdzial_9.driver.listeners.DriverEventListener - Trying to find WebElement with locator By.cssSelector: a.Button[href$="EST-1"]
[INFO ] 2022-04-24 15:16:31.325 [TestNG-tests-1] JavaStartSeleniumRozdzial_9.generic.assertions.AssertWebElement - WebElement was displayed!
[INFO ] 2022-04-24 15:16:31.325 [TestNG-tests-1] JavaStartSeleniumRozdzial_9.generic.assertions.AssertWebElement - Checking if WebElement has text: Invalid username or password. Signon failed.XXX
[INFO ] 2022-04-24 15:16:31.325 [TestNG-tests-2] JavaStartSeleniumRozdzial_9.generic.assertions.AssertWebElement - WebElement was displayed!
[INFO ] 2022-04-24 15:16:31.325 [TestNG-tests-1] JavaStartSeleniumRozdzial_9.driver.listeners.DriverEventListener - Trying to find WebElement with locator By.cssSelector: #Content ul[class='messages'] li
[INFO ] 2022-04-24 15:16:31.328 [TestNG-tests-2] JavaStartSeleniumRozdzial_9.utils.testng.listeners.TestListener - Test asUserLoginUsingValidLoginAndPassword passed successfully
]]></system-out>
    <system-err><![CDATA[kwi 24, 2022 3:16:28 PM org.openqa.selenium.remote.tracing.opentelemetry.OpenTelemetryTracer createTracer
INFO: Using OpenTelemetry for tracing
kwi 24, 2022 3:16:29 PM org.openqa.selenium.remote.ProtocolHandshake createSession
INFO: Detected dialect: W3C
kwi 24, 2022 3:16:29 PM org.openqa.selenium.remote.ProtocolHandshake createSession
INFO: Detected dialect: W3C
kwi 24, 2022 3:16:29 PM org.openqa.selenium.remote.ProtocolHandshake createSession
INFO: Detected dialect: W3C
]]></system-err>
  </testcase>
  <testcase name="asUserTryToLogInWithIncorrectLoginAndPassword" classname="JavaStartSeleniumRozdzial_9.tests.FailedLoginTests" time="1.103">
    <failure message="Element text was &lt;Invalid username or password. Signon failed.&gt; expecting to be &lt;Invalid username or password. Signon failed.XXX&gt;!" type="java.lang.AssertionError"><![CDATA[java.lang.AssertionError: Element text was <Invalid username or password. Signon failed.> expecting to be <Invalid username or password. Signon failed.XXX>!
	at JavaStartSeleniumRozdzial_9.page.objects.LoginPage.assertThatWarningIsDisplayed(LoginPage.java:63)
	at JavaStartSeleniumRozdzial_9.tests.FailedLoginTests.asUserTryToLogInWithIncorrectLoginAndPassword(FailedLoginTests.java:27)
	at java.base/jdk.internal.reflect.NativeMethodAccessorImpl.invoke0(Native Method)
	at java.base/jdk.internal.reflect.NativeMethodAccessorImpl.invoke(NativeMethodAccessorImpl.java:78)
	at java.base/jdk.internal.reflect.DelegatingMethodAccessorImpl.invoke(DelegatingMethodAccessorImpl.java:43)
	at java.base/java.lang.reflect.Method.invoke(Method.java:567)
	at org.testng.internal.invokers.MethodInvocationHelper.invokeMethod(MethodInvocationHelper.java:135)
	at org.testng.internal.invokers.TestInvoker.invokeMethod(TestInvoker.java:673)
	at org.testng.internal.invokers.TestInvoker.invokeTestMethod(TestInvoker.java:220)
	at org.testng.internal.invokers.MethodRunner.runInSequence(MethodRunner.java:50)
	at org.testng.internal.invokers.TestInvoker$MethodInvocationAgent.invoke(TestInvoker.java:945)
	at org.testng.internal.invokers.TestInvoker.invokeTestMethods(TestInvoker.java:193)
	at org.testng.internal.invokers.TestMethodWorker.invokeTestMethods(TestMethodWorker.java:146)
	at org.testng.internal.invokers.TestMethodWorker.run(TestMethodWorker.java:128)
	at java.base/java.util.ArrayList.forEach(ArrayList.java:1511)
	at org.testng.TestRunner.privateRun(TestRunner.java:808)
	at org.testng.TestRunner.run(TestRunner.java:603)
	at org.testng.SuiteRunner.runTest(SuiteRunner.java:429)
	at org.testng.SuiteRunner.access$000(SuiteRunner.java:32)
	at org.testng.SuiteRunner$SuiteWorker.run(SuiteRunner.java:467)
	at org.testng.internal.thread.ThreadUtil.lambda$execute$0(ThreadUtil.java:58)
	at java.base/java.util.concurrent.FutureTask.run(FutureTask.java:264)
	at java.base/java.util.concurrent.ThreadPoolExecutor.runWorker(ThreadPoolExecutor.java:1130)
	at java.base/java.util.concurrent.ThreadPoolExecutor$Worker.run(ThreadPoolExecutor.java:630)
	at java.base/java.lang.Thread.run(Thread.java:831)
]]></failure>
    <system-out><![CDATA[[INFO ] 2022-04-24 15:16:31.347 [TestNG-tests-3] JavaStartSeleniumRozdzial_9.driver.listeners.DriverEventListener - Found WebElement with locator By.cssSelector: a.Button[href$="EST-1"]
[INFO ] 2022-04-24 15:16:31.347 [TestNG-tests-1] JavaStartSeleniumRozdzial_9.driver.listeners.DriverEventListener - Found WebElement with locator By.cssSelector: #Content ul[class='messages'] li
[INFO ] 2022-04-24 15:16:31.376 [TestNG-tests-3] JavaStartSeleniumRozdzial_9.driver.listeners.DriverEventListener - Trying to find WebElement with locator By.cssSelector: a.Button[href$="EST-1"]
[INFO ] 2022-04-24 15:16:31.383 [TestNG-tests-1] JavaStartSeleniumRozdzial_9.utils.testng.listeners.TestListener - Test asUserTryToLogInWithIncorrectLoginAndPassword failed!
[INFO ] 2022-04-24 15:16:31.403 [TestNG-tests-3] JavaStartSeleniumRozdzial_9.driver.listeners.DriverEventListener - Found WebElement with locator By.cssSelector: a.Button[href$="EST-1"]
[INFO ] 2022-04-24 15:16:31.404 [TestNG-tests-3] JavaStartSeleniumRozdzial_9.driver.listeners.DriverEventListener - Trying to click WebElement
[INFO ] 2022-04-24 15:16:31.516 [TestNG-tests-3] JavaStartSeleniumRozdzial_9.driver.listeners.DriverEventListener - Clicked WebElement
[INFO ] 2022-04-24 15:16:31.516 [TestNG-tests-3] JavaStartSeleniumRozdzial_9.page.objects.AngelfishListPage - Clicked on add to card large Angelfish button
[INFO ] 2022-04-24 15:16:31.519 [TestNG-tests-3] JavaStartSeleniumRozdzial_9.driver.listeners.DriverEventListener - Trying to find WebElement with locator By.cssSelector: a[href$="newOrderForm="]
[INFO ] 2022-04-24 15:16:31.539 [TestNG-tests-3] JavaStartSeleniumRozdzial_9.driver.listeners.DriverEventListener - Found WebElement with locator By.cssSelector: a[href$="newOrderForm="]
[INFO ] 2022-04-24 15:16:31.556 [TestNG-tests-3] JavaStartSeleniumRozdzial_9.driver.listeners.DriverEventListener - Trying to find WebElement with locator By.cssSelector: a[href$="newOrderForm="]
[INFO ] 2022-04-24 15:16:31.573 [TestNG-tests-3] JavaStartSeleniumRozdzial_9.driver.listeners.DriverEventListener - Found WebElement with locator By.cssSelector: a[href$="newOrderForm="]
[INFO ] 2022-04-24 15:16:31.574 [TestNG-tests-3] JavaStartSeleniumRozdzial_9.driver.listeners.DriverEventListener - Trying to click WebElement
]]></system-out>
  </testcase>
  <testcase name="asNotLoggedInUserIShallNotProceedToCheckout" classname="JavaStartSeleniumRozdzial_9.tests.ShoppingCartTest" time="1.274">
    <system-out><![CDATA[[INFO ] 2022-04-24 15:16:31.659 [TestNG-tests-3] JavaStartSeleniumRozdzial_9.driver.listeners.DriverEventListener - Clicked WebElement
[INFO ] 2022-04-24 15:16:31.660 [TestNG-tests-3] JavaStartSeleniumRozdzial_9.page.objects.ShoppingCartPage - Clicked on Proceed to Checkout Button
[INFO ] 2022-04-24 15:16:31.661 [TestNG-tests-3] JavaStartSeleniumRozdzial_9.page.objects.LoginPage - Checking if warning message You must sign on before attempting to check out. Please sign on and try checking out again. is displayed
[INFO ] 2022-04-24 15:16:31.661 [TestNG-tests-3] JavaStartSeleniumRozdzial_9.driver.listeners.DriverEventListener - Trying to find WebElement with locator By.cssSelector: #Content ul[class='messages'] li
[INFO ] 2022-04-24 15:16:31.686 [TestNG-tests-3] JavaStartSeleniumRozdzial_9.driver.listeners.DriverEventListener - Found WebElement with locator By.cssSelector: #Content ul[class='messages'] li
[INFO ] 2022-04-24 15:16:31.709 [TestNG-tests-3] JavaStartSeleniumRozdzial_9.generic.assertions.AssertWebElement - Checking if element is displayed
[INFO ] 2022-04-24 15:16:31.709 [TestNG-tests-3] JavaStartSeleniumRozdzial_9.driver.listeners.DriverEventListener - Trying to find WebElement with locator By.cssSelector: #Content ul[class='messages'] li
[INFO ] 2022-04-24 15:16:31.726 [TestNG-tests-3] JavaStartSeleniumRozdzial_9.driver.listeners.DriverEventListener - Found WebElement with locator By.cssSelector: #Content ul[class='messages'] li
[INFO ] 2022-04-24 15:16:31.742 [TestNG-tests-3] JavaStartSeleniumRozdzial_9.generic.assertions.AssertWebElement - WebElement was displayed!
[INFO ] 2022-04-24 15:16:31.742 [TestNG-tests-3] JavaStartSeleniumRozdzial_9.generic.assertions.AssertWebElement - Checking if WebElement has text: You must sign on before attempting to check out. Please sign on and try checking out again.
[INFO ] 2022-04-24 15:16:31.742 [TestNG-tests-3] JavaStartSeleniumRozdzial_9.driver.listeners.DriverEventListener - Trying to find WebElement with locator By.cssSelector: #Content ul[class='messages'] li
[INFO ] 2022-04-24 15:16:31.758 [TestNG-tests-3] JavaStartSeleniumRozdzial_9.driver.listeners.DriverEventListener - Found WebElement with locator By.cssSelector: #Content ul[class='messages'] li
[INFO ] 2022-04-24 15:16:31.774 [TestNG-tests-3] JavaStartSeleniumRozdzial_9.generic.assertions.AssertWebElement - WebElement had expected text!
[INFO ] 2022-04-24 15:16:31.774 [TestNG-tests-3] JavaStartSeleniumRozdzial_9.utils.testng.listeners.TestListener - Test asNotLoggedInUserIShallNotProceedToCheckout passed successfully
]]></system-out>
  </testcase>
</testsuite>