<?xml version="1.0" encoding="UTF-8"?>
<testng-results ignored="0" total="3" passed="3" failed="0" skipped="0">
  <reporter-output>
  </reporter-output>
  <suite started-at="2022-04-19T21:36:14 CEST" name="All Pet Store Tests" finished-at="2022-04-19T21:36:18 CEST" duration-ms="4718">
    <groups>
    </groups>
    <test started-at="2022-04-19T21:36:14 CEST" name="Negative Login Tests" finished-at="2022-04-19T21:36:18 CEST" duration-ms="4568">
      <class name="JavaStartSeleniumRozdzial_9.tests.FailedLoginTests">
        <test-method is-config="true" signature="beforeClass()[pri:0, instance:JavaStartSeleniumRozdzial_9.tests.FailedLoginTests@48bfb884]" started-at="2022-04-19T21:36:14 CEST" name="beforeClass" finished-at="2022-04-19T21:36:14 CEST" duration-ms="356" status="PASS">
          <reporter-output>
          </reporter-output>
        </test-method> <!-- beforeClass -->
        <test-method is-config="true" signature="beforeTest(JavaStartSeleniumRozdzial_9.driver.manager.BrowserType)[pri:0, instance:JavaStartSeleniumRozdzial_9.tests.FailedLoginTests@48bfb884]" started-at="2022-04-19T21:36:14 CEST" name="beforeTest" finished-at="2022-04-19T21:36:17 CEST" duration-ms="2887" status="PASS">
          <params>
            <param index="0">
              <value>
                <![CDATA[CHROME]]>
              </value>
            </param>
          </params>
          <reporter-output>
          </reporter-output>
        </test-method> <!-- beforeTest -->
        <test-method signature="asUserTryToLogInWithIncorrectLoginAndPassword()[pri:0, instance:JavaStartSeleniumRozdzial_9.tests.FailedLoginTests@48bfb884]" started-at="2022-04-19T21:36:17 CEST" name="asUserTryToLogInWithIncorrectLoginAndPassword" finished-at="2022-04-19T21:36:18 CEST" duration-ms="1068" status="PASS">
          <reporter-output>
          </reporter-output>
        </test-method> <!-- asUserTryToLogInWithIncorrectLoginAndPassword -->
        <test-method is-config="true" signature="afterTest()[pri:0, instance:JavaStartSeleniumRozdzial_9.tests.FailedLoginTests@48bfb884]" started-at="2022-04-19T21:36:18 CEST" name="afterTest" finished-at="2022-04-19T21:36:18 CEST" duration-ms="132" status="PASS">
          <reporter-output>
          </reporter-output>
        </test-method> <!-- afterTest -->
      </class> <!-- JavaStartSeleniumRozdzial_9.tests.FailedLoginTests -->
    </test> <!-- Negative Login Tests -->
    <test started-at="2022-04-19T21:36:14 CEST" name="Positive Login Tests" finished-at="2022-04-19T21:36:18 CEST" duration-ms="4671">
      <class name="JavaStartSeleniumRozdzial_9.tests.PositiveLoginTests">
        <test-method is-config="true" signature="beforeClass()[pri:0, instance:JavaStartSeleniumRozdzial_9.tests.PositiveLoginTests@6872f9c8]" started-at="2022-04-19T21:36:14 CEST" name="beforeClass" finished-at="2022-04-19T21:36:14 CEST" duration-ms="549" status="PASS">
          <reporter-output>
          </reporter-output>
        </test-method> <!-- beforeClass -->
        <test-method is-config="true" signature="beforeTest(JavaStartSeleniumRozdzial_9.driver.manager.BrowserType)[pri:0, instance:JavaStartSeleniumRozdzial_9.tests.PositiveLoginTests@6872f9c8]" started-at="2022-04-19T21:36:14 CEST" name="beforeTest" finished-at="2022-04-19T21:36:17 CEST" duration-ms="2709" status="PASS">
          <params>
            <param index="0">
              <value>
                <![CDATA[CHROME]]>
              </value>
            </param>
          </params>
          <reporter-output>
          </reporter-output>
        </test-method> <!-- beforeTest -->
        <test-method signature="asUserLoginUsingValidLoginAndPassword()[pri:0, instance:JavaStartSeleniumRozdzial_9.tests.PositiveLoginTests@6872f9c8]" started-at="2022-04-19T21:36:17 CEST" name="asUserLoginUsingValidLoginAndPassword" finished-at="2022-04-19T21:36:18 CEST" duration-ms="1146" status="PASS">
          <reporter-output>
          </reporter-output>
        </test-method> <!-- asUserLoginUsingValidLoginAndPassword -->
        <test-method is-config="true" signature="afterTest()[pri:0, instance:JavaStartSeleniumRozdzial_9.tests.PositiveLoginTests@6872f9c8]" started-at="2022-04-19T21:36:18 CEST" name="afterTest" finished-at="2022-04-19T21:36:18 CEST" duration-ms="166" status="PASS">
          <reporter-output>
          </reporter-output>
        </test-method> <!-- afterTest -->
      </class> <!-- JavaStartSeleniumRozdzial_9.tests.PositiveLoginTests -->
    </test> <!-- Positive Login Tests -->
    <test started-at="2022-04-19T21:36:14 CEST" name="Shopping Cart Tests" finished-at="2022-04-19T21:36:18 CEST" duration-ms="4718">
      <class name="JavaStartSeleniumRozdzial_9.tests.ShoppingCartTest">
        <test-method is-config="true" signature="beforeClass()[pri:0, instance:JavaStartSeleniumRozdzial_9.tests.ShoppingCartTest@5d58c727]" started-at="2022-04-19T21:36:14 CEST" name="beforeClass" finished-at="2022-04-19T21:36:14 CEST" duration-ms="356" status="PASS">
          <reporter-output>
          </reporter-output>
        </test-method> <!-- beforeClass -->
        <test-method is-config="true" signature="beforeTest(JavaStartSeleniumRozdzial_9.driver.manager.BrowserType)[pri:0, instance:JavaStartSeleniumRozdzial_9.tests.ShoppingCartTest@5d58c727]" started-at="2022-04-19T21:36:14 CEST" name="beforeTest" finished-at="2022-04-19T21:36:17 CEST" duration-ms="2887" status="PASS">
          <params>
            <param index="0">
              <value>
                <![CDATA[CHROME]]>
              </value>
            </param>
          </params>
          <reporter-output>
          </reporter-output>
        </test-method> <!-- beforeTest -->
        <test-method signature="asNotLoggedInUserIShallNotProceedToCheckout()[pri:0, instance:JavaStartSeleniumRozdzial_9.tests.ShoppingCartTest@5d58c727]" started-at="2022-04-19T21:36:17 CEST" name="asNotLoggedInUserIShallNotProceedToCheckout" finished-at="2022-04-19T21:36:18 CEST" duration-ms="1260" status="PASS">
          <reporter-output>
          </reporter-output>
        </test-method> <!-- asNotLoggedInUserIShallNotProceedToCheckout -->
        <test-method is-config="true" signature="afterTest()[pri:0, instance:JavaStartSeleniumRozdzial_9.tests.ShoppingCartTest@5d58c727]" started-at="2022-04-19T21:36:18 CEST" name="afterTest" finished-at="2022-04-19T21:36:18 CEST" duration-ms="101" status="PASS">
          <reporter-output>
          </reporter-output>
        </test-method> <!-- afterTest -->
      </class> <!-- JavaStartSeleniumRozdzial_9.tests.ShoppingCartTest -->
    </test> <!-- Shopping Cart Tests -->
  </suite> <!-- All Pet Store Tests -->
</testng-results>
